Arguments: 
  C:\Program Files\nodejs\node.exe C:\Users\hzjs\AppData\Roaming\npm\node_modules\yarn\bin\yarn.js init

PATH: 
  C:\Users\hzjs\bin;C:\Program Files\Git\mingw64\bin;C:\Program Files\Git\usr\local\bin;C:\Program Files\Git\usr\bin;C:\Program Files\Git\usr\bin;C:\Program Files\Git\mingw64\bin;C:\Program Files\Git\usr\bin;C:\Users\hzjs\bin;C:\VideoLib;C:\Program Files (x86)\Tiandy\TDGADDLib;C:\Windows\system32;C:\Windows;C:\Windows\System32\Wbem;C:\Windows\System32\WindowsPowerShell\v1.0;E:\mongodb\bin;E:\tools\Microsoft VS Code\bin;C:\Program Files\Git\cmd;C:\Program Files (x86)\Windows Kits\8.1\Windows Performance Toolkit;C:\Users\hzjs\AppData\Roaming\nvm;C:\Program Files\nodejs;C:\Users\hzjs\AppData\Local\Microsoft\WindowsApps;E:\tools\Microsoft VS Code\bin;postgresql\scripts;C:\Users\hzjs\AppData\Local\Programs\Microsoft VS Code\bin;C:\Users\hzjs\AppData\Roaming\npm;C:\Users\hzjs\AppData\Roaming\nvm;C:\Program Files\nodejs;C:\Users\hzjs\AppData\Local\BypassRuntm;C:\Program Files\Git\usr\bin\vendor_perl;C:\Program Files\Git\usr\bin\core_perl

Yarn version: 
  1.13.0

Node version: 
  8.10.0

Platform: 
  win32 x64

Trace: 
  Error: Can't answer a question unless a user TTY
      at ConsoleReporter.question (C:\Users\hzjs\AppData\Roaming\npm\node_modules\yarn\lib\cli.js:96071:59)
      at Object.<anonymous> (C:\Users\hzjs\AppData\Roaming\npm\node_modules\yarn\lib\cli.js:88459:38)
      at Generator.next (<anonymous>)
      at step (C:\Users\hzjs\AppData\Roaming\npm\node_modules\yarn\lib\cli.js:304:30)
      at C:\Users\hzjs\AppData\Roaming\npm\node_modules\yarn\lib\cli.js:315:13
      at <anonymous>

npm manifest: 
  No manifest

yarn manifest: 
  No manifest

Lockfile: 
  No lockfile
